#
# There is insufficient memory for the Java Runtime Environment to continue.
# Native memory allocation (malloc) failed to allocate 2297696 bytes for Chunk::new
# Possible reasons:
#   The system is out of physical RAM or swap space
#   In 32 bit mode, the process size limit was hit
# Possible solutions:
#   Reduce memory load on the system
#   Increase physical memory or swap space
#   Check if swap backing store is full
#   Use 64 bit Java on a 64 bit OS
#   Decrease Java heap size (-Xmx/-Xms)
#   Decrease number of Java threads
#   Decrease Java thread stack sizes (-Xss)
#   Set larger code cache with -XX:ReservedCodeCacheSize=
# This output file may be truncated or incomplete.
#
#  Out of Memory Error (allocation.cpp:390), pid=16876, tid=0x0000000000000718
#
# JRE version: Java(TM) SE Runtime Environment (8.0_161-b12) (build 1.8.0_161-b12)
# Java VM: Java HotSpot(TM) 64-Bit Server VM (25.161-b12 mixed mode windows-amd64 compressed oops)
# Failed to write core dump. Minidumps are not enabled by default on client versions of Windows
#

---------------  T H R E A D  ---------------

Current thread (0x0000000017367000):  JavaThread "C2 CompilerThread0" daemon [_thread_in_native, id=1816, stack(0x0000000018c80000,0x0000000018d80000)]

Stack: [0x0000000018c80000,0x0000000018d80000]
[error occurred during error reporting (printing stack bounds), id 0xc0000005]

Native frames: (J=compiled Java code, j=interpreted, Vv=VM code, C=native code)


Current CompileTask:
C2:  34553 6081       4       org.springframework.aop.aspectj.AspectJExpressionPointcut::matches (74 bytes)


---------------  P R O C E S S  ---------------

Java Threads: ( => current thread )
  0x000000001ad2f000 JavaThread "HikariPool-1 housekeeper" daemon [_thread_blocked, id=15436, stack(0x0000000024a30000,0x0000000024b30000)]
  0x000000001ad2c800 JavaThread "container-0" [_thread_blocked, id=13228, stack(0x0000000024730000,0x0000000024830000)]
  0x000000001ad2c000 JavaThread "Catalina-utility-2" [_thread_blocked, id=10260, stack(0x0000000024630000,0x0000000024730000)]
  0x000000001ad28000 JavaThread "Catalina-utility-1" [_thread_blocked, id=16636, stack(0x0000000024530000,0x0000000024630000)]
  0x000000001ad2e800 JavaThread "spring.cloud.inetutils" daemon [_thread_blocked, id=15648, stack(0x0000000023fb0000,0x00000000240b0000)]
  0x000000001ad2b000 JavaThread "AsyncReporter{RabbitMQSender{addresses=[localhost:5672], queue=zipkin}}" daemon [_thread_blocked, id=12296, stack(0x00000000214e0000,0x00000000215e0000)]
  0x0000000019e8b800 JavaThread "restartedMain" [_thread_in_Java, id=13668, stack(0x000000001af90000,0x000000001b090000)]
  0x000000001a0dd000 JavaThread "Thread-0" [_thread_blocked, id=8904, stack(0x000000001ae90000,0x000000001af90000)]
  0x0000000018ebf800 JavaThread "Service Thread" daemon [_thread_blocked, id=11616, stack(0x0000000019380000,0x0000000019480000)]
  0x000000001737e800 JavaThread "C1 CompilerThread2" daemon [_thread_blocked, id=11480, stack(0x0000000019280000,0x0000000019380000)]
  0x0000000017359800 JavaThread "C2 CompilerThread1" daemon [_thread_in_native, id=9124, stack(0x0000000018d80000,0x0000000018e80000)]
=>0x0000000017367000 JavaThread "C2 CompilerThread0" daemon [_thread_in_native, id=1816, stack(0x0000000018c80000,0x0000000018d80000)]
  0x000000001734d800 JavaThread "JDWP Command Reader" daemon [_thread_in_native, id=1200, stack(0x0000000018b80000,0x0000000018c80000)]
  0x0000000017347000 JavaThread "JDWP Event Helper Thread" daemon [_thread_blocked, id=3876, stack(0x0000000018a80000,0x0000000018b80000)]
  0x000000001733b000 JavaThread "JDWP Transport Listener: dt_socket" daemon [_thread_blocked, id=15400, stack(0x0000000018980000,0x0000000018a80000)]
  0x000000001732d800 JavaThread "Attach Listener" daemon [_thread_blocked, id=12012, stack(0x0000000018880000,0x0000000018980000)]
  0x000000001732c800 JavaThread "Signal Dispatcher" daemon [_thread_blocked, id=15524, stack(0x0000000018780000,0x0000000018880000)]
  0x00000000027ee000 JavaThread "Finalizer" daemon [_thread_blocked, id=7844, stack(0x0000000018580000,0x0000000018680000)]
  0x00000000027ea800 JavaThread "Reference Handler" daemon [_thread_blocked, id=15540, stack(0x0000000018480000,0x0000000018580000)]
  0x00000000026fb000 JavaThread "main" [_thread_blocked, id=14348, stack(0x00000000025f0000,0x00000000026f0000)]

Other Threads:
  0x00000000172e7000 VMThread [stack: 0x0000000018380000,0x0000000018480000] [id=14556]
  0x0000000018efd800 WatcherThread [stack: 0x0000000019480000,0x0000000019580000] [id=7616]

VM state:not at safepoint (normal execution)

VM Mutex/Monitor currently owned by a thread: None

Heap:
 PSYoungGen      total 383488K, used 367616K [0x00000000d5f00000, 0x00000000ef080000, 0x0000000100000000)
  eden space 367616K, 100% used [0x00000000d5f00000,0x00000000ec600000,0x00000000ec600000)
  from space 15872K, 0% used [0x00000000ed580000,0x00000000ed580000,0x00000000ee500000)
  to   space 15872K, 0% used [0x00000000ec600000,0x00000000ec600000,0x00000000ed580000)
 ParOldGen       total 86016K, used 36736K [0x0000000081c00000, 0x0000000087000000, 0x00000000d5f00000)
  object space 86016K, 42% used [0x0000000081c00000,0x0000000083fe0308,0x0000000087000000)
 Metaspace       used 69848K, capacity 72986K, committed 73108K, reserved 1112064K
  class space    used 9348K, capacity 9911K, committed 9916K, reserved 1048576K

Card table byte_map: [0x0000000011bb0000,0x0000000011fb0000] byte_map_base: 0x00000000117a2000

Marking Bits: (ParMarkBitMap*) 0x0000000071e2f860
 Begin Bits: [0x0000000012660000, 0x00000000145f0000)
 End Bits:   [0x00000000145f0000, 0x0000000016580000)

Polling page: 0x0000000002450000

CodeCache: size=245760Kb used=20670Kb max_used=20946Kb free=225089Kb
 bounds [0x00000000027f0000, 0x0000000003c80000, 0x00000000117f0000]
 total_blobs=5798 nmethods=5238 adapters=479
 compilation: enabled

Compilation events (10 events):
Event: 34.506 Thread 0x000000001737e800 6263   !   2       org.springframework.core.SimpleAliasRegistry::getAliases (38 bytes)
Event: 34.507 Thread 0x000000001737e800 nmethod 6263 0x00000000038e4110 code [0x00000000038e42a0, 0x00000000038e47f8]
Event: 34.507 Thread 0x000000001737e800 6268       2       org.springframework.core.SimpleAliasRegistry$$Lambda$184/1322443891::accept (24 bytes)
Event: 34.508 Thread 0x000000001737e800 nmethod 6268 0x00000000038e38d0 code [0x00000000038e3a60, 0x00000000038e3db8]
Event: 34.508 Thread 0x000000001737e800 6269       2       org.springframework.core.SimpleAliasRegistry::lambda$retrieveAliases$0 (24 bytes)
Event: 34.508 Thread 0x000000001737e800 nmethod 6269 0x0000000003618910 code [0x0000000003618aa0, 0x0000000003618d68]
Event: 34.508 Thread 0x000000001737e800 6270       2       org.springframework.web.servlet.handler.BeanNameUrlHandlerMapping::determineUrlsForHandler (91 bytes)
Event: 34.510 Thread 0x000000001737e800 nmethod 6270 0x00000000038b1a90 code [0x00000000038b1ca0, 0x00000000038b2478]
Event: 34.524 Thread 0x000000001737e800 6272       2       java.util.LinkedHashSet::<init> (27 bytes)
Event: 34.524 Thread 0x000000001737e800 nmethod 6272 0x00000000038e32d0 code [0x00000000038e3480, 0x00000000038e3708]

GC Heap History (10 events):
Event: 16.065 GC heap before
{Heap before GC invocations=11 (full 2):
 PSYoungGen      total 225792K, used 10741K [0x00000000d5f00000, 0x00000000e9b80000, 0x0000000100000000)
  eden space 215040K, 0% used [0x00000000d5f00000,0x00000000d5f00000,0x00000000e3100000)
  from space 10752K, 99% used [0x00000000e3100000,0x00000000e3b7d498,0x00000000e3b80000)
  to   space 13824K, 0% used [0x00000000e8e00000,0x00000000e8e00000,0x00000000e9b80000)
 ParOldGen       total 54272K, used 11750K [0x0000000081c00000, 0x0000000085100000, 0x00000000d5f00000)
  object space 54272K, 21% used [0x0000000081c00000,0x00000000827798a8,0x0000000085100000)
 Metaspace       used 34061K, capacity 35312K, committed 35416K, reserved 1079296K
  class space    used 4410K, capacity 4664K, committed 4736K, reserved 1048576K
Event: 16.183 GC heap after
Heap after GC invocations=11 (full 2):
 PSYoungGen      total 225792K, used 0K [0x00000000d5f00000, 0x00000000e9b80000, 0x0000000100000000)
  eden space 215040K, 0% used [0x00000000d5f00000,0x00000000d5f00000,0x00000000e3100000)
  from space 10752K, 0% used [0x00000000e3100000,0x00000000e3100000,0x00000000e3b80000)
  to   space 13824K, 0% used [0x00000000e8e00000,0x00000000e8e00000,0x00000000e9b80000)
 ParOldGen       total 86016K, used 19063K [0x0000000081c00000, 0x0000000087000000, 0x00000000d5f00000)
  object space 86016K, 22% used [0x0000000081c00000,0x0000000082e9dd28,0x0000000087000000)
 Metaspace       used 34061K, capacity 35312K, committed 35416K, reserved 1079296K
  class space    used 4410K, capacity 4664K, committed 4736K, reserved 1048576K
}
Event: 19.641 GC heap before
{Heap before GC invocations=12 (full 2):
 PSYoungGen      total 225792K, used 215040K [0x00000000d5f00000, 0x00000000e9b80000, 0x0000000100000000)
  eden space 215040K, 100% used [0x00000000d5f00000,0x00000000e3100000,0x00000000e3100000)
  from space 10752K, 0% used [0x00000000e3100000,0x00000000e3100000,0x00000000e3b80000)
  to   space 13824K, 0% used [0x00000000e8e00000,0x00000000e8e00000,0x00000000e9b80000)
 ParOldGen       total 86016K, used 19063K [0x0000000081c00000, 0x0000000087000000, 0x00000000d5f00000)
  object space 86016K, 22% used [0x0000000081c00000,0x0000000082e9dd28,0x0000000087000000)
 Metaspace       used 42014K, capacity 43714K, committed 43864K, reserved 1087488K
  class space    used 5331K, capacity 5645K, committed 5760K, reserved 1048576K
Event: 19.660 GC heap after
Heap after GC invocations=12 (full 2):
 PSYoungGen      total 296960K, used 13628K [0x00000000d5f00000, 0x00000000e9b80000, 0x0000000100000000)
  eden space 283136K, 0% used [0x00000000d5f00000,0x00000000d5f00000,0x00000000e7380000)
  from space 13824K, 98% used [0x00000000e8e00000,0x00000000e9b4f138,0x00000000e9b80000)
  to   space 15360K, 0% used [0x00000000e7d80000,0x00000000e7d80000,0x00000000e8c80000)
 ParOldGen       total 86016K, used 19071K [0x0000000081c00000, 0x0000000087000000, 0x00000000d5f00000)
  object space 86016K, 22% used [0x0000000081c00000,0x0000000082e9fd28,0x0000000087000000)
 Metaspace       used 42014K, capacity 43714K, committed 43864K, reserved 1087488K
  class space    used 5331K, capacity 5645K, committed 5760K, reserved 1048576K
}
Event: 25.830 GC heap before
{Heap before GC invocations=13 (full 2):
 PSYoungGen      total 296960K, used 296764K [0x00000000d5f00000, 0x00000000e9b80000, 0x0000000100000000)
  eden space 283136K, 100% used [0x00000000d5f00000,0x00000000e7380000,0x00000000e7380000)
  from space 13824K, 98% used [0x00000000e8e00000,0x00000000e9b4f138,0x00000000e9b80000)
  to   space 15360K, 0% used [0x00000000e7d80000,0x00000000e7d80000,0x00000000e8c80000)
 ParOldGen       total 86016K, used 19071K [0x0000000081c00000, 0x0000000087000000, 0x00000000d5f00000)
  object space 86016K, 22% used [0x0000000081c00000,0x0000000082e9fd28,0x0000000087000000)
 Metaspace       used 47622K, capacity 49896K, committed 50008K, reserved 1093632K
  class space    used 6084K, capacity 6510K, committed 6528K, reserved 1048576K
Event: 25.870 GC heap after
Heap after GC invocations=13 (full 2):
 PSYoungGen      total 308736K, used 11802K [0x00000000d5f00000, 0x00000000ee500000, 0x0000000100000000)
  eden space 293376K, 0% used [0x00000000d5f00000,0x00000000d5f00000,0x00000000e7d80000)
  from space 15360K, 76% used [0x00000000e7d80000,0x00000000e8906b98,0x00000000e8c80000)
  to   space 15872K, 0% used [0x00000000ed580000,0x00000000ed580000,0x00000000ee500000)
 ParOldGen       total 86016K, used 26679K [0x0000000081c00000, 0x0000000087000000, 0x00000000d5f00000)
  object space 86016K, 31% used [0x0000000081c00000,0x000000008360de30,0x0000000087000000)
 Metaspace       used 47622K, capacity 49896K, committed 50008K, reserved 1093632K
  class space    used 6084K, capacity 6510K, committed 6528K, reserved 1048576K
}
Event: 29.119 GC heap before
{Heap before GC invocations=14 (full 2):
 PSYoungGen      total 308736K, used 180880K [0x00000000d5f00000, 0x00000000ee500000, 0x0000000100000000)
  eden space 293376K, 57% used [0x00000000d5f00000,0x00000000e041d580,0x00000000e7d80000)
  from space 15360K, 76% used [0x00000000e7d80000,0x00000000e8906b98,0x00000000e8c80000)
  to   space 15872K, 0% used [0x00000000ed580000,0x00000000ed580000,0x00000000ee500000)
 ParOldGen       total 86016K, used 26679K [0x0000000081c00000, 0x0000000087000000, 0x00000000d5f00000)
  object space 86016K, 31% used [0x0000000081c00000,0x000000008360de30,0x0000000087000000)
 Metaspace       used 56623K, capacity 58930K, committed 59028K, reserved 1099776K
  class space    used 7405K, capacity 7857K, committed 7868K, reserved 1048576K
Event: 29.148 GC heap after
Heap after GC invocations=14 (full 2):
 PSYoungGen      total 383488K, used 9977K [0x00000000d5f00000, 0x00000000ef080000, 0x0000000100000000)
  eden space 367616K, 0% used [0x00000000d5f00000,0x00000000d5f00000,0x00000000ec600000)
  from space 15872K, 62% used [0x00000000ed580000,0x00000000edf3e4d8,0x00000000ee500000)
  to   space 15872K, 0% used [0x00000000ec600000,0x00000000ec600000,0x00000000ed580000)
 ParOldGen       total 86016K, used 32559K [0x0000000081c00000, 0x0000000087000000, 0x00000000d5f00000)
  object space 86016K, 37% used [0x0000000081c00000,0x0000000083bcbdd8,0x0000000087000000)
 Metaspace       used 56623K, capacity 58930K, committed 59028K, reserved 1099776K
  class space    used 7405K, capacity 7857K, committed 7868K, reserved 1048576K
}
Event: 29.148 GC heap before
{Heap before GC invocations=15 (full 3):
 PSYoungGen      total 383488K, used 9977K [0x00000000d5f00000, 0x00000000ef080000, 0x0000000100000000)
  eden space 367616K, 0% used [0x00000000d5f00000,0x00000000d5f00000,0x00000000ec600000)
  from space 15872K, 62% used [0x00000000ed580000,0x00000000edf3e4d8,0x00000000ee500000)
  to   space 15872K, 0% used [0x00000000ec600000,0x00000000ec600000,0x00000000ed580000)
 ParOldGen       total 86016K, used 32559K [0x0000000081c00000, 0x0000000087000000, 0x00000000d5f00000)
  object space 86016K, 37% used [0x0000000081c00000,0x0000000083bcbdd8,0x0000000087000000)
 Metaspace       used 56623K, capacity 58930K, committed 59028K, reserved 1099776K
  class space    used 7405K, capacity 7857K, committed 7868K, reserved 1048576K
Event: 29.422 GC heap after
Heap after GC invocations=15 (full 3):
 PSYoungGen      total 383488K, used 0K [0x00000000d5f00000, 0x00000000ef080000, 0x0000000100000000)
  eden space 367616K, 0% used [0x00000000d5f00000,0x00000000d5f00000,0x00000000ec600000)
  from space 15872K, 0% used [0x00000000ed580000,0x00000000ed580000,0x00000000ee500000)
  to   space 15872K, 0% used [0x00000000ec600000,0x00000000ec600000,0x00000000ed580000)
 ParOldGen       total 86016K, used 36736K [0x0000000081c00000, 0x0000000087000000, 0x00000000d5f00000)
  object space 86016K, 42% used [0x0000000081c00000,0x0000000083fe0308,0x0000000087000000)
 Metaspace       used 56623K, capacity 58930K, committed 59028K, reserved 1099776K
  class space    used 7405K, capacity 7857K, committed 7868K, reserved 1048576K
}

Deoptimization events (10 events):
Event: 32.578 Thread 0x0000000019e8b800 Uncommon trap: reason=class_check action=maybe_recompile pc=0x0000000003889a50 method=org.springframework.core.annotation.AnnotationUtils.hasPlainJavaAnnotationsOnly(Ljava/lang/Object;)Z @ 23
Event: 32.595 Thread 0x0000000019e8b800 Uncommon trap: reason=class_check action=maybe_recompile pc=0x00000000035af58c method=org.springframework.util.ConcurrentReferenceHashMap$Segment.findInChain(Lorg/springframework/util/ConcurrentReferenceHashMap$Reference;Ljava/lang/Object;I)Lorg/springfra
Event: 32.596 Thread 0x0000000019e8b800 Uncommon trap: reason=class_check action=maybe_recompile pc=0x00000000032a1908 method=org.springframework.util.ConcurrentReferenceHashMap$Segment.findInChain(Lorg/springframework/util/ConcurrentReferenceHashMap$Reference;Ljava/lang/Object;I)Lorg/springfra
Event: 32.850 Thread 0x0000000019e8b800 Uncommon trap: reason=bimorphic action=maybe_recompile pc=0x0000000002bca870 method=java.util.regex.Pattern$CharProperty.match(Ljava/util/regex/Matcher;ILjava/lang/CharSequence;)Z @ 37
Event: 33.122 Thread 0x0000000019e8b800 Uncommon trap: reason=unstable_if action=reinterpret pc=0x0000000002f9ece4 method=org.springframework.boot.context.properties.source.ConfigurationPropertyName$ElementsParser.updateType(Lorg/springframework/boot/context/properties/source/ConfigurationPrope
Event: 33.122 Thread 0x0000000019e8b800 Uncommon trap: reason=unstable_if action=reinterpret pc=0x0000000002e247b8 method=org.springframework.boot.context.properties.source.ConfigurationPropertyName$ElementsParser.updateType(Lorg/springframework/boot/context/properties/source/ConfigurationPrope
Event: 34.155 Thread 0x0000000019e8b800 Uncommon trap: reason=unstable_if action=reinterpret pc=0x0000000003ab528c method=org.springframework.asm.Frame.merge(Lorg/springframework/asm/SymbolTable;I[II)Z @ 22
Event: 34.395 Thread 0x0000000019e8b800 Uncommon trap: reason=class_check action=maybe_recompile pc=0x0000000003be743c method=org.springframework.core.annotation.AnnotatedElementUtils.searchWithFindSemantics(Ljava/lang/reflect/AnnotatedElement;Ljava/util/Set;Ljava/lang/String;Ljava/lang/Class;L
Event: 34.395 Thread 0x0000000019e8b800 Uncommon trap: reason=class_check action=maybe_recompile pc=0x0000000003be86f8 method=org.springframework.core.annotation.AnnotatedElementUtils.searchWithFindSemantics(Ljava/lang/reflect/AnnotatedElement;Ljava/util/Set;Ljava/lang/String;Ljava/lang/Class;L
Event: 34.498 Thread 0x0000000019e8b800 Uncommon trap: reason=unstable_if action=reinterpret pc=0x0000000003493f68 method=org.springframework.beans.factory.support.AbstractBeanFactory.isTypeMatch(Ljava/lang/String;Lorg/springframework/core/ResolvableType;)Z @ 26

Classes redefined (0 events):
No events

Internal exceptions (10 events):
Event: 33.439 Thread 0x0000000019e8b800 Exception <a 'java/lang/ClassNotFoundException': org/springframework/web/servlet/config/annotation/DelegatingWebMvcConfigurationCustomizer> (0x00000000e6928c88) thrown at [C:\re\workspace\8-2-build-windows-amd64-cygwin\jdk8u161\10277\hotspot\src\share\vm\
Event: 33.441 Thread 0x0000000019e8b800 Exception <a 'java/lang/ClassNotFoundException': org/springframework/boot/autoconfigure/web/servlet/WebMvcAutoConfiguration$EnableWebMvcConfigurationCustomizer> (0x00000000e69742f8) thrown at [C:\re\workspace\8-2-build-windows-amd64-cygwin\jdk8u161\10277\
Event: 33.443 Thread 0x0000000019e8b800 Exception <a 'java/lang/ClassNotFoundException': org/springframework/boot/autoconfigure/web/servlet/WebMvcAutoConfiguration$EnableWebMvcConfiguration$$EnhancerBySpringCGLIB$$9628861cCustomizer> (0x00000000e69d43f0) thrown at [C:\re\workspace\8-2-build-win
Event: 33.446 Thread 0x0000000019e8b800 Exception <a 'java/lang/ClassNotFoundException': org/springframework/context/annotation/ConfigurationClassEnhancer$EnhancedConfigurationCustomizer> (0x00000000e6a33600) thrown at [C:\re\workspace\8-2-build-windows-amd64-cygwin\jdk8u161\10277\hotspot\src\s
Event: 33.447 Thread 0x0000000019e8b800 Exception <a 'java/lang/ClassNotFoundException': org/springframework/beans/factory/BeanFactoryAwareCustomizer> (0x00000000e6a5f310) thrown at [C:\re\workspace\8-2-build-windows-amd64-cygwin\jdk8u161\10277\hotspot\src\share\vm\classfile\systemDictionary.cp
Event: 33.448 Thread 0x0000000019e8b800 Exception <a 'java/lang/ClassNotFoundException': org/springframework/beans/factory/AwareCustomizer> (0x00000000e6a86048) thrown at [C:\re\workspace\8-2-build-windows-amd64-cygwin\jdk8u161\10277\hotspot\src\share\vm\classfile\systemDictionary.cpp, line 210
Event: 33.450 Thread 0x0000000019e8b800 Exception <a 'java/lang/ClassNotFoundException': org/springframework/context/ApplicationContextAwareCustomizer> (0x00000000e6ab2688) thrown at [C:\re\workspace\8-2-build-windows-amd64-cygwin\jdk8u161\10277\hotspot\src\share\vm\classfile\systemDictionary.c
Event: 33.451 Thread 0x0000000019e8b800 Exception <a 'java/lang/ClassNotFoundException': org/springframework/beans/factory/AwareCustomizer> (0x00000000e6ad94c0) thrown at [C:\re\workspace\8-2-build-windows-amd64-cygwin\jdk8u161\10277\hotspot\src\share\vm\classfile\systemDictionary.cpp, line 210
Event: 33.453 Thread 0x0000000019e8b800 Exception <a 'java/lang/ClassNotFoundException': org/springframework/web/context/ServletContextAwareCustomizer> (0x00000000e6b05b08) thrown at [C:\re\workspace\8-2-build-windows-amd64-cygwin\jdk8u161\10277\hotspot\src\share\vm\classfile\systemDictionary.c
Event: 33.454 Thread 0x0000000019e8b800 Exception <a 'java/lang/ClassNotFoundException': org/springframework/beans/factory/AwareCustomizer> (0x00000000e6b2c5c0) thrown at [C:\re\workspace\8-2-build-windows-amd64-cygwin\jdk8u161\10277\hotspot\src\share\vm\classfile\systemDictionary.cpp, line 210

Events (10 events):
Event: 34.533 Thread 0x0000000019e8b800 DEOPT PACKING pc=0x0000000002a67564 sp=0x000000001b08bab0
Event: 34.533 Thread 0x0000000019e8b800 DEOPT UNPACKING pc=0x0000000002837890 sp=0x000000001b08b878 mode 1
Event: 34.535 Thread 0x0000000019e8b800 DEOPT PACKING pc=0x0000000002f7349c sp=0x000000001b08d4f0
Event: 34.535 Thread 0x0000000019e8b800 DEOPT UNPACKING pc=0x0000000002837890 sp=0x000000001b08d290 mode 1
Event: 34.535 Thread 0x0000000019e8b800 DEOPT PACKING pc=0x0000000003c47abc sp=0x000000001b08d5c0
Event: 34.535 Thread 0x0000000019e8b800 DEOPT UNPACKING pc=0x0000000002837890 sp=0x000000001b08d348 mode 1
Event: 34.535 Thread 0x0000000019e8b800 DEOPT PACKING pc=0x0000000002f7349c sp=0x000000001b08d4f0
Event: 34.535 Thread 0x0000000019e8b800 DEOPT UNPACKING pc=0x0000000002837890 sp=0x000000001b08d290 mode 1
Event: 34.535 Thread 0x0000000019e8b800 DEOPT PACKING pc=0x0000000003c47abc sp=0x000000001b08d5c0
Event: 34.535 Thread 0x0000000019e8b800 DEOPT UNPACKING pc=0x0000000002837890 sp=0x000000001b08d348 mode 1


Dynamic libraries:
0x00007ff637b30000 - 0x00007ff637b67000 	C:\Program Files\Java\jdk1.8.0_161\bin\java.exe
0x00007ffe46230000 - 0x00007ffe46400000 	C:\WINDOWS\SYSTEM32\ntdll.dll
0x00007ffe45040000 - 0x00007ffe450ec000 	C:\WINDOWS\System32\KERNEL32.DLL
0x00007ffe433e0000 - 0x00007ffe435fd000 	C:\WINDOWS\System32\KERNELBASE.dll
0x00007ffe46180000 - 0x00007ffe46222000 	C:\WINDOWS\System32\ADVAPI32.dll
0x00007ffe460e0000 - 0x00007ffe4617e000 	C:\WINDOWS\System32\msvcrt.dll
0x00007ffe450f0000 - 0x00007ffe45149000 	C:\WINDOWS\System32\sechost.dll
0x00007ffe45c10000 - 0x00007ffe45d31000 	C:\WINDOWS\System32\RPCRT4.dll
0x00007ffe453d0000 - 0x00007ffe45535000 	C:\WINDOWS\System32\USER32.dll
0x00007ffe42ce0000 - 0x00007ffe42cfe000 	C:\WINDOWS\System32\win32u.dll
0x00007ffe45000000 - 0x00007ffe45034000 	C:\WINDOWS\System32\GDI32.dll
0x00007ffe42980000 - 0x00007ffe42b01000 	C:\WINDOWS\System32\gdi32full.dll
0x00007ffe364c0000 - 0x00007ffe3673a000 	C:\WINDOWS\WinSxS\amd64_microsoft.windows.common-controls_6595b64144ccf1df_6.0.14393.2608_none_7ddacc7e8347078e\COMCTL32.dll
0x00007ffe45e00000 - 0x00007ffe460c5000 	C:\WINDOWS\System32\combase.dll
0x00007ffe427d0000 - 0x00007ffe428c4000 	C:\WINDOWS\System32\ucrtbase.dll
0x00007ffe43750000 - 0x00007ffe437ba000 	C:\WINDOWS\System32\bcryptPrimitives.dll
0x00007ffe45540000 - 0x00007ffe4556e000 	C:\WINDOWS\System32\IMM32.DLL
0x0000000068000000 - 0x0000000068066000 	C:\WINDOWS\System32\QIPCAP64.dll
0x00007ffe437c0000 - 0x00007ffe44cc5000 	C:\WINDOWS\System32\SHELL32.dll
0x00007ffe42780000 - 0x00007ffe427c2000 	C:\WINDOWS\System32\cfgmgr32.dll
0x00007ffe42d00000 - 0x00007ffe433d9000 	C:\WINDOWS\System32\windows.storage.dll
0x00007ffe426b0000 - 0x00007ffe426fc000 	C:\WINDOWS\System32\powrprof.dll
0x00007ffe452a0000 - 0x00007ffe452f2000 	C:\WINDOWS\System32\shlwapi.dll
0x00007ffe42710000 - 0x00007ffe4271f000 	C:\WINDOWS\System32\kernel.appcore.dll
0x00007ffe43600000 - 0x00007ffe436a9000 	C:\WINDOWS\System32\shcore.dll
0x00007ffe42690000 - 0x00007ffe426a4000 	C:\WINDOWS\System32\profapi.dll
0x00007ffe41ce0000 - 0x00007ffe41d81000 	C:\WINDOWS\SYSTEM32\DNSAPI.dll
0x00007ffe45360000 - 0x00007ffe453ca000 	C:\WINDOWS\System32\WS2_32.dll
0x00007ffe460d0000 - 0x00007ffe460d8000 	C:\WINDOWS\System32\NSI.dll
0x00007ffe41ca0000 - 0x00007ffe41cd8000 	C:\WINDOWS\SYSTEM32\IPHLPAPI.DLL
0x0000000072c70000 - 0x0000000072d42000 	C:\Program Files\Java\jdk1.8.0_161\jre\bin\msvcr100.dll
0x0000000071610000 - 0x0000000071eaf000 	C:\Program Files\Java\jdk1.8.0_161\jre\bin\server\jvm.dll
0x00007ffe45150000 - 0x00007ffe45158000 	C:\WINDOWS\System32\PSAPI.DLL
0x00007ffe284f0000 - 0x00007ffe284f9000 	C:\WINDOWS\SYSTEM32\WSOCK32.dll
0x00007ffe40bf0000 - 0x00007ffe40c13000 	C:\WINDOWS\SYSTEM32\WINMM.dll
0x00007ffe34fe0000 - 0x00007ffe34fea000 	C:\WINDOWS\SYSTEM32\VERSION.dll
0x0000000002420000 - 0x000000000244b000 	C:\WINDOWS\SYSTEM32\WINMMBASE.dll
0x0000000072c60000 - 0x0000000072c6f000 	C:\Program Files\Java\jdk1.8.0_161\jre\bin\verify.dll
0x0000000072c30000 - 0x0000000072c59000 	C:\Program Files\Java\jdk1.8.0_161\jre\bin\java.dll
0x00000000714c0000 - 0x00000000714f5000 	C:\Program Files\Java\jdk1.8.0_161\jre\bin\jdwp.dll
0x0000000072b90000 - 0x0000000072b98000 	C:\Program Files\Java\jdk1.8.0_161\jre\bin\npt.dll
0x0000000072c10000 - 0x0000000072c26000 	C:\Program Files\Java\jdk1.8.0_161\jre\bin\zip.dll
0x0000000072b80000 - 0x0000000072b89000 	C:\Program Files\Java\jdk1.8.0_161\jre\bin\dt_socket.dll
0x00007ffe41f10000 - 0x00007ffe41f6c000 	C:\WINDOWS\system32\mswsock.dll
0x0000000072bf0000 - 0x0000000072c0a000 	C:\Program Files\Java\jdk1.8.0_161\jre\bin\net.dll
0x00007ffe3d9a0000 - 0x00007ffe3d9b6000 	C:\WINDOWS\SYSTEM32\dhcpcsvc6.DLL
0x00007ffe3d980000 - 0x00007ffe3d99a000 	C:\WINDOWS\SYSTEM32\dhcpcsvc.DLL
0x0000000072b70000 - 0x0000000072b7d000 	C:\Program Files\Java\jdk1.8.0_161\jre\bin\management.dll
0x00007ffe2d4c0000 - 0x00007ffe2d4d6000 	C:\WINDOWS\system32\napinsp.dll
0x00007ffe2d4a0000 - 0x00007ffe2d4ba000 	C:\WINDOWS\system32\pnrpnsp.dll
0x00007ffe3a540000 - 0x00007ffe3a558000 	C:\WINDOWS\system32\NLAapi.dll
0x00007ffe2d440000 - 0x00007ffe2d44e000 	C:\WINDOWS\System32\winrnr.dll
0x00007ffe2d420000 - 0x00007ffe2d435000 	C:\WINDOWS\System32\wshbth.dll
0x00007ffe3a630000 - 0x00007ffe3a63a000 	C:\Windows\System32\rasadhlp.dll
0x00007ffe3fa80000 - 0x00007ffe3faea000 	C:\WINDOWS\System32\fwpuclnt.dll
0x00007ffe425d0000 - 0x00007ffe425fb000 	C:\WINDOWS\SYSTEM32\bcrypt.dll
0x0000000072bd0000 - 0x0000000072be1000 	C:\Program Files\Java\jdk1.8.0_161\jre\bin\nio.dll
0x00007ffe420f0000 - 0x00007ffe42107000 	C:\WINDOWS\SYSTEM32\CRYPTSP.dll
0x00007ffe41b30000 - 0x00007ffe41b63000 	C:\WINDOWS\system32\rsaenh.dll
0x00007ffe41da0000 - 0x00007ffe41dbf000 	C:\WINDOWS\SYSTEM32\USERENV.dll
0x00007ffe420d0000 - 0x00007ffe420db000 	C:\WINDOWS\SYSTEM32\CRYPTBASE.dll

VM Arguments:
jvm_args: -agentlib:jdwp=transport=dt_socket,address=127.0.0.1:64852,suspend=y,server=n -Dfile.encoding=UTF-8 
java_command: sebaszczen.currencyexchangeservice.CurrencyExchangeServiceApplication
java_class_path (initial): C:\Program Files\Java\jdk1.8.0_161\jre\lib\charsets.jar;C:\Program Files\Java\jdk1.8.0_161\jre\lib\deploy.jar;C:\Program Files\Java\jdk1.8.0_161\jre\lib\ext\access-bridge-64.jar;C:\Program Files\Java\jdk1.8.0_161\jre\lib\ext\cldrdata.jar;C:\Program Files\Java\jdk1.8.0_161\jre\lib\ext\dnsns.jar;C:\Program Files\Java\jdk1.8.0_161\jre\lib\ext\jaccess.jar;C:\Program Files\Java\jdk1.8.0_161\jre\lib\ext\jfxrt.jar;C:\Program Files\Java\jdk1.8.0_161\jre\lib\ext\localedata.jar;C:\Program Files\Java\jdk1.8.0_161\jre\lib\ext\nashorn.jar;C:\Program Files\Java\jdk1.8.0_161\jre\lib\ext\sunec.jar;C:\Program Files\Java\jdk1.8.0_161\jre\lib\ext\sunjce_provider.jar;C:\Program Files\Java\jdk1.8.0_161\jre\lib\ext\sunmscapi.jar;C:\Program Files\Java\jdk1.8.0_161\jre\lib\ext\sunpkcs11.jar;C:\Program Files\Java\jdk1.8.0_161\jre\lib\ext\zipfs.jar;C:\Program Files\Java\jdk1.8.0_161\jre\lib\javaws.jar;C:\Program Files\Java\jdk1.8.0_161\jre\lib\jce.jar;C:\Program Files\Java\jdk1.8.0_161\jre\lib\jfr.jar;C:\Program Files\Java\jdk1.8.0_161\jre\lib\jfxswt.jar;C:\Program Files\Java\jdk1.8.0_161\jre\lib\jsse.jar;C:\Program Files\Java\jdk1.8.0_161\jre\lib\management-agent.jar;C:\Program Files\Java\jdk1.8.0_161\jre\lib\plugin.jar;C:\Program Files\Java\jdk1.8.0_161\jre\lib\resources.jar;C:\Program Files\Java\jdk1.8.0_161\jre\lib\rt.jar;C:\Nowy folder\microservices\currency-exchange-service\target\classes;C:\Users\rb25788\.m2\repository\org\springframework\boot\spring-boot-starter-actuator\2.1.6.RELEASE\spring-boot-starter-actuator-2.1.6.RELEASE.jar;C:\Users\rb25788\.m2\repository\org\springframework\boot\spring-boot-starter\2.1.6.RELEASE\spring-boot-starter-2.1.6.RELEASE.jar;C:\Users\rb25788\.m2\repository\org\springframework\boot\spring-boot-starter-logging\2.1.6.RELEASE\spring-boot-starter-logging-2.1.6.RELEASE.jar;C:\Users\rb25788\.m2\repository\ch\qos\logback\logback-classic\1.2.3\logback-classic-1.2.3.jar;C:\Users\rb25788\.m2\repository\ch\qos\logback\logback-core\1.2
Launcher Type: SUN_STANDARD

Environment Variables:
JAVA_HOME=C:\Program Files\Java\jdk1.8.0_161
PATH=C:\Program Files (x86)\Common Files\Oracle\Java\javapath;C:\ProgramData\Oracle\Java\javapath;C:\Oracle\product\12.1.0\client_1\bin;C:\WINDOWS\system32;C:\WINDOWS;C:\WINDOWS\System32\Wbem;C:\WINDOWS\System32\WindowsPowerShell\v1.0\;c:\MAVEN;C:\maven\apache-maven-3.5.2\;C:\maven\apache-maven-3.5.2\bin\;C:\Program Files\MySQL\MySQL Utilities 1.6\;C:\Program Files\nodejs\;C:\Users\rb25788\AppData\Local\Microsoft\WindowsApps;C:\Users\rb25788\AppData\Local\Programs\Git\cmd;C:\Users\rb25788\AppData\Local\Programs\Microsoft VS Code\bin;C:\Users\rb25788\AppData\Roaming\npm
USERNAME=rb25788
OS=Windows_NT
PROCESSOR_IDENTIFIER=Intel64 Family 6 Model 78 Stepping 3, GenuineIntel



---------------  S Y S T E M  ---------------

OS: Windows 10.0 , 64 bit Build 14393 (10.0.14393.2608)

CPU:total 4 (initial active 4) (2 cores per cpu, 2 threads per core) family 6 model 78 stepping 3, cmov, cx8, fxsr, mmx, sse, sse2, sse3, ssse3, sse4.1, sse4.2, popcnt, avx, avx2, aes, clmul, erms, 3dnowpref, lzcnt, ht, tsc, tscinvbit, bmi1, bmi2, adx

Memory: 4k page, physical 8266320k(1373700k free), swap 13421000k(5340k free)

vm_info: Java HotSpot(TM) 64-Bit Server VM (25.161-b12) for windows-amd64 JRE (1.8.0_161-b12), built on Dec 19 2017 17:52:25 by "java_re" with MS VC++ 10.0 (VS2010)

time: Tue Jun 25 16:17:12 2019
elapsed time: 34 seconds (0d 0h 0m 34s)

