#
# There is insufficient memory for the Java Runtime Environment to continue.
# Native memory allocation (malloc) failed to allocate 47120 bytes for Chunk::new
# Possible reasons:
#   The system is out of physical RAM or swap space
#   In 32 bit mode, the process size limit was hit
# Possible solutions:
#   Reduce memory load on the system
#   Increase physical memory or swap space
#   Check if swap backing store is full
#   Use 64 bit Java on a 64 bit OS
#   Decrease Java heap size (-Xmx/-Xms)
#   Decrease number of Java threads
#   Decrease Java thread stack sizes (-Xss)
#   Set larger code cache with -XX:ReservedCodeCacheSize=
# This output file may be truncated or incomplete.
#
#  Out of Memory Error (allocation.cpp:390), pid=11956, tid=0x0000000000003264
#
# JRE version: Java(TM) SE Runtime Environment (8.0_161-b12) (build 1.8.0_161-b12)
# Java VM: Java HotSpot(TM) 64-Bit Server VM (25.161-b12 mixed mode windows-amd64 compressed oops)
# Failed to write core dump. Minidumps are not enabled by default on client versions of Windows
#

---------------  T H R E A D  ---------------

Current thread (0x0000000019f9e800):  JavaThread "C2 CompilerThread0" daemon [_thread_in_native, id=12900, stack(0x000000001a600000,0x000000001a700000)]

Stack: [0x000000001a600000,0x000000001a700000]
[error occurred during error reporting (printing stack bounds), id 0xc0000005]

Native frames: (J=compiled Java code, j=interpreted, Vv=VM code, C=native code)


Current CompileTask:
C2:  19556 4991  s    4       java.lang.reflect.Executable::declaredAnnotations (59 bytes)


---------------  P R O C E S S  ---------------

Java Threads: ( => current thread )
  0x000000001f866800 JavaThread "container-0" [_thread_blocked, id=1844, stack(0x0000000027270000,0x0000000027370000)]
  0x000000001f864000 JavaThread "Catalina-utility-2" [_thread_blocked, id=15472, stack(0x00000000260b0000,0x00000000261b0000)]
  0x000000001f865800 JavaThread "Catalina-utility-1" [_thread_blocked, id=8080, stack(0x0000000023d50000,0x0000000023e50000)]
  0x000000001ba1e000 JavaThread "spring.cloud.inetutils" daemon [_thread_in_native, id=9820, stack(0x00000000228c0000,0x00000000229c0000)]
  0x000000001b232000 JavaThread "restartedMain" [_thread_blocked, id=18136, stack(0x000000001bd10000,0x000000001be10000)]
  0x000000001b322800 JavaThread "Thread-0" [_thread_blocked, id=17396, stack(0x000000001bc10000,0x000000001bd10000)]
  0x000000001a0dc800 JavaThread "Service Thread" daemon [_thread_blocked, id=18428, stack(0x000000001a900000,0x000000001aa00000)]
  0x000000001a048800 JavaThread "C1 CompilerThread2" daemon [_thread_blocked, id=18060, stack(0x000000001a800000,0x000000001a900000)]
  0x000000001a045800 JavaThread "C2 CompilerThread1" daemon [_thread_in_native, id=17184, stack(0x000000001a700000,0x000000001a800000)]
=>0x0000000019f9e800 JavaThread "C2 CompilerThread0" daemon [_thread_in_native, id=12900, stack(0x000000001a600000,0x000000001a700000)]
  0x00000000180e7800 JavaThread "JDWP Command Reader" daemon [_thread_in_native, id=14280, stack(0x0000000019900000,0x0000000019a00000)]
  0x00000000180d7800 JavaThread "JDWP Event Helper Thread" daemon [_thread_blocked, id=3760, stack(0x0000000019800000,0x0000000019900000)]
  0x00000000180d6800 JavaThread "JDWP Transport Listener: dt_socket" daemon [_thread_blocked, id=8092, stack(0x0000000019700000,0x0000000019800000)]
  0x00000000180c1000 JavaThread "Attach Listener" daemon [_thread_blocked, id=16056, stack(0x0000000019600000,0x0000000019700000)]
  0x00000000180bc000 JavaThread "Signal Dispatcher" daemon [_thread_blocked, id=3796, stack(0x0000000019500000,0x0000000019600000)]
  0x00000000180a0000 JavaThread "Finalizer" daemon [_thread_blocked, id=9084, stack(0x0000000019300000,0x0000000019400000)]
  0x0000000003479800 JavaThread "Reference Handler" daemon [_thread_blocked, id=16596, stack(0x0000000019200000,0x0000000019300000)]
  0x000000000338b000 JavaThread "main" [_thread_blocked, id=3564, stack(0x0000000003280000,0x0000000003380000)]

Other Threads:
  0x0000000018077000 VMThread [stack: 0x0000000019100000,0x0000000019200000] [id=4060]
  0x000000001a10c000 WatcherThread [stack: 0x000000001aa00000,0x000000001ab00000] [id=11136]

VM state:at safepoint (normal execution)

VM Mutex/Monitor currently owned by a thread:  ([mutex/lock_event])
[0x00000000033818d0] Threads_lock - owner thread: 0x0000000018077000
[0x0000000003389ef0] Heap_lock - owner thread: 0x000000001b232000

Heap:
 PSYoungGen      total 205312K, used 154258K [0x00000000d5f00000, 0x00000000e7600000, 0x0000000100000000)
  eden space 193536K, 73% used [0x00000000d5f00000,0x00000000dea29c88,0x00000000e1c00000)
  from space 11776K, 99% used [0x00000000e1c00000,0x00000000e277ad80,0x00000000e2780000)
  to   space 14848K, 10% used [0x00000000e6780000,0x00000000e68f8028,0x00000000e7600000)
 ParOldGen       total 77824K, used 18375K [0x0000000081c00000, 0x0000000086800000, 0x00000000d5f00000)
  object space 77824K, 23% used [0x0000000081c00000,0x0000000082df1fa8,0x0000000086800000)
 Metaspace       used 48952K, capacity 51398K, committed 51456K, reserved 1097728K
  class space    used 6417K, capacity 6860K, committed 6912K, reserved 1048576K

Card table byte_map: [0x0000000012940000,0x0000000012d40000] byte_map_base: 0x0000000012532000

Marking Bits: (ParMarkBitMap*) 0x000000005547f860
 Begin Bits: [0x00000000133f0000, 0x0000000015380000)
 End Bits:   [0x0000000015380000, 0x0000000017310000)

Polling page: 0x0000000003060000

CodeCache: size=245760Kb used=17129Kb max_used=17129Kb free=228630Kb
 bounds [0x0000000003580000, 0x0000000004650000, 0x0000000012580000]
 total_blobs=5037 nmethods=4559 adapters=397
 compilation: enabled

Compilation events (10 events):
Event: 19.422 Thread 0x000000001a048800 5140   !   2       org.springframework.aop.framework.autoproxy.AbstractAdvisorAutoProxyCreator::findAdvisorsThatCanApply (27 bytes)
Event: 19.422 Thread 0x000000001a048800 nmethod 5140 0x0000000004644310 code [0x00000000046444e0, 0x0000000004644958]
Event: 19.422 Thread 0x000000001a048800 5141       2       org.springframework.aop.aspectj.autoproxy.AspectJAwareAdvisorAutoProxyCreator::extendAdvisors (6 bytes)
Event: 19.423 Thread 0x000000001a048800 nmethod 5141 0x0000000004644f90 code [0x0000000004645100, 0x0000000004645288]
Event: 19.423 Thread 0x000000001a048800 5142       2       org.springframework.aop.framework.AbstractAdvisingBeanPostProcessor::postProcessAfterInitialization (137 bytes)
Event: 19.424 Thread 0x000000001a048800 nmethod 5142 0x0000000004645310 code [0x0000000004645560, 0x0000000004645df8]
Event: 19.424 Thread 0x000000001a048800 5143       2       org.springframework.aop.framework.autoproxy.AbstractBeanFactoryAwareAdvisingPostProcessor::isEligible (26 bytes)
Event: 19.424 Thread 0x000000001a048800 nmethod 5143 0x00000000046463d0 code [0x0000000004646540, 0x0000000004646738]
Event: 19.432 Thread 0x000000001a048800 5144   !   2       sun.reflect.GeneratedConstructorAccessor29::newInstance (53 bytes)
Event: 19.432 Thread 0x000000001a048800 nmethod 5144 0x0000000004646850 code [0x0000000004646a20, 0x0000000004646fa8]

GC Heap History (10 events):
Event: 6.464 GC heap after
Heap after GC invocations=7 (full 1):
 PSYoungGen      total 120832K, used 5112K [0x00000000d5f00000, 0x00000000def80000, 0x0000000100000000)
  eden space 115712K, 0% used [0x00000000d5f00000,0x00000000d5f00000,0x00000000dd000000)
  from space 5120K, 99% used [0x00000000dea80000,0x00000000def7e028,0x00000000def80000)
  to   space 9216K, 0% used [0x00000000ddd80000,0x00000000ddd80000,0x00000000de680000)
 ParOldGen       total 55296K, used 9133K [0x0000000081c00000, 0x0000000085200000, 0x00000000d5f00000)
  object space 55296K, 16% used [0x0000000081c00000,0x00000000824eb610,0x0000000085200000)
 Metaspace       used 25293K, capacity 26130K, committed 26240K, reserved 1073152K
  class space    used 3201K, capacity 3436K, committed 3456K, reserved 1048576K
}
Event: 10.630 GC heap before
{Heap before GC invocations=8 (full 1):
 PSYoungGen      total 120832K, used 120824K [0x00000000d5f00000, 0x00000000def80000, 0x0000000100000000)
  eden space 115712K, 100% used [0x00000000d5f00000,0x00000000dd000000,0x00000000dd000000)
  from space 5120K, 99% used [0x00000000dea80000,0x00000000def7e028,0x00000000def80000)
  to   space 9216K, 0% used [0x00000000ddd80000,0x00000000ddd80000,0x00000000de680000)
 ParOldGen       total 55296K, used 9133K [0x0000000081c00000, 0x0000000085200000, 0x00000000d5f00000)
  object space 55296K, 16% used [0x0000000081c00000,0x00000000824eb610,0x0000000085200000)
 Metaspace       used 30051K, capacity 31094K, committed 31232K, reserved 1077248K
  class space    used 3810K, capacity 4054K, committed 4096K, reserved 1048576K
Event: 10.645 GC heap after
Heap after GC invocations=8 (full 1):
 PSYoungGen      total 138752K, used 8828K [0x00000000d5f00000, 0x00000000e3180000, 0x0000000100000000)
  eden space 129536K, 0% used [0x00000000d5f00000,0x00000000d5f00000,0x00000000ddd80000)
  from space 9216K, 95% used [0x00000000ddd80000,0x00000000de61f110,0x00000000de680000)
  to   space 10240K, 0% used [0x00000000e2780000,0x00000000e2780000,0x00000000e3180000)
 ParOldGen       total 55296K, used 9141K [0x0000000081c00000, 0x0000000085200000, 0x00000000d5f00000)
  object space 55296K, 16% used [0x0000000081c00000,0x00000000824ed610,0x0000000085200000)
 Metaspace       used 30051K, capacity 31094K, committed 31232K, reserved 1077248K
  class space    used 3810K, capacity 4054K, committed 4096K, reserved 1048576K
}
Event: 12.101 GC heap before
{Heap before GC invocations=9 (full 1):
 PSYoungGen      total 138752K, used 104928K [0x00000000d5f00000, 0x00000000e3180000, 0x0000000100000000)
  eden space 129536K, 74% used [0x00000000d5f00000,0x00000000dbcd9210,0x00000000ddd80000)
  from space 9216K, 95% used [0x00000000ddd80000,0x00000000de61f110,0x00000000de680000)
  to   space 10240K, 0% used [0x00000000e2780000,0x00000000e2780000,0x00000000e3180000)
 ParOldGen       total 55296K, used 9141K [0x0000000081c00000, 0x0000000085200000, 0x00000000d5f00000)
  object space 55296K, 16% used [0x0000000081c00000,0x00000000824ed610,0x0000000085200000)
 Metaspace       used 33946K, capacity 35298K, committed 35456K, reserved 1079296K
  class space    used 4344K, capacity 4620K, committed 4736K, reserved 1048576K
Event: 12.126 GC heap after
Heap after GC invocations=9 (full 1):
 PSYoungGen      total 203776K, used 10222K [0x00000000d5f00000, 0x00000000e4b80000, 0x0000000100000000)
  eden space 193536K, 0% used [0x00000000d5f00000,0x00000000d5f00000,0x00000000e1c00000)
  from space 10240K, 99% used [0x00000000e2780000,0x00000000e317bba8,0x00000000e3180000)
  to   space 11776K, 0% used [0x00000000e1c00000,0x00000000e1c00000,0x00000000e2780000)
 ParOldGen       total 55296K, used 9751K [0x0000000081c00000, 0x0000000085200000, 0x00000000d5f00000)
  object space 55296K, 17% used [0x0000000081c00000,0x0000000082585ee0,0x0000000085200000)
 Metaspace       used 33946K, capacity 35298K, committed 35456K, reserved 1079296K
  class space    used 4344K, capacity 4620K, committed 4736K, reserved 1048576K
}
Event: 12.126 GC heap before
{Heap before GC invocations=10 (full 2):
 PSYoungGen      total 203776K, used 10222K [0x00000000d5f00000, 0x00000000e4b80000, 0x0000000100000000)
  eden space 193536K, 0% used [0x00000000d5f00000,0x00000000d5f00000,0x00000000e1c00000)
  from space 10240K, 99% used [0x00000000e2780000,0x00000000e317bba8,0x00000000e3180000)
  to   space 11776K, 0% used [0x00000000e1c00000,0x00000000e1c00000,0x00000000e2780000)
 ParOldGen       total 55296K, used 9751K [0x0000000081c00000, 0x0000000085200000, 0x00000000d5f00000)
  object space 55296K, 17% used [0x0000000081c00000,0x0000000082585ee0,0x0000000085200000)
 Metaspace       used 33946K, capacity 35298K, committed 35456K, reserved 1079296K
  class space    used 4344K, capacity 4620K, committed 4736K, reserved 1048576K
Event: 12.233 GC heap after
Heap after GC invocations=10 (full 2):
 PSYoungGen      total 203776K, used 0K [0x00000000d5f00000, 0x00000000e4b80000, 0x0000000100000000)
  eden space 193536K, 0% used [0x00000000d5f00000,0x00000000d5f00000,0x00000000e1c00000)
  from space 10240K, 0% used [0x00000000e2780000,0x00000000e2780000,0x00000000e3180000)
  to   space 11776K, 0% used [0x00000000e1c00000,0x00000000e1c00000,0x00000000e2780000)
 ParOldGen       total 77824K, used 15152K [0x0000000081c00000, 0x0000000086800000, 0x00000000d5f00000)
  object space 77824K, 19% used [0x0000000081c00000,0x0000000082acc1f0,0x0000000086800000)
 Metaspace       used 33946K, capacity 35298K, committed 35456K, reserved 1079296K
  class space    used 4344K, capacity 4620K, committed 4736K, reserved 1048576K
}
Event: 17.163 GC heap before
{Heap before GC invocations=11 (full 2):
 PSYoungGen      total 203776K, used 193536K [0x00000000d5f00000, 0x00000000e4b80000, 0x0000000100000000)
  eden space 193536K, 100% used [0x00000000d5f00000,0x00000000e1c00000,0x00000000e1c00000)
  from space 10240K, 0% used [0x00000000e2780000,0x00000000e2780000,0x00000000e3180000)
  to   space 11776K, 0% used [0x00000000e1c00000,0x00000000e1c00000,0x00000000e2780000)
 ParOldGen       total 77824K, used 15152K [0x0000000081c00000, 0x0000000086800000, 0x00000000d5f00000)
  object space 77824K, 19% used [0x0000000081c00000,0x0000000082acc1f0,0x0000000086800000)
 Metaspace       used 41337K, capacity 43252K, committed 43392K, reserved 1087488K
  class space    used 5293K, capacity 5649K, committed 5760K, reserved 1048576K
Event: 17.187 GC heap after
Heap after GC invocations=11 (full 2):
 PSYoungGen      total 205312K, used 11755K [0x00000000d5f00000, 0x00000000e7600000, 0x0000000100000000)
  eden space 193536K, 0% used [0x00000000d5f00000,0x00000000d5f00000,0x00000000e1c00000)
  from space 11776K, 99% used [0x00000000e1c00000,0x00000000e277ad80,0x00000000e2780000)
  to   space 14848K, 0% used [0x00000000e6780000,0x00000000e6780000,0x00000000e7600000)
 ParOldGen       total 77824K, used 18375K [0x0000000081c00000, 0x0000000086800000, 0x00000000d5f00000)
  object space 77824K, 23% used [0x0000000081c00000,0x0000000082df1fa8,0x0000000086800000)
 Metaspace       used 41337K, capacity 43252K, committed 43392K, reserved 1087488K
  class space    used 5293K, capacity 5649K, committed 5760K, reserved 1048576K
}
Event: 19.545 GC heap before
{Heap before GC invocations=12 (full 2):
 PSYoungGen      total 205312K, used 154258K [0x00000000d5f00000, 0x00000000e7600000, 0x0000000100000000)
  eden space 193536K, 73% used [0x00000000d5f00000,0x00000000dea29c88,0x00000000e1c00000)
  from space 11776K, 99% used [0x00000000e1c00000,0x00000000e277ad80,0x00000000e2780000)
  to   space 14848K, 0% used [0x00000000e6780000,0x00000000e6780000,0x00000000e7600000)
 ParOldGen       total 77824K, used 18375K [0x0000000081c00000, 0x0000000086800000, 0x00000000d5f00000)
  object space 77824K, 23% used [0x0000000081c00000,0x0000000082df1fa8,0x0000000086800000)
 Metaspace       used 48952K, capacity 51398K, committed 51456K, reserved 1097728K
  class space    used 6417K, capacity 6860K, committed 6912K, reserved 1048576K

Deoptimization events (10 events):
Event: 17.363 Thread 0x000000001b232000 Uncommon trap: reason=unstable_if action=reinterpret pc=0x000000000432f8b8 method=java.lang.Class.arrayContentsEq([Ljava/lang/Object;[Ljava/lang/Object;)Z @ 1
Event: 18.473 Thread 0x000000001b232000 Uncommon trap: reason=unstable_if action=reinterpret pc=0x000000000410e194 method=org.springframework.beans.factory.support.DefaultSingletonBeanRegistry.getSingleton(Ljava/lang/String;Z)Ljava/lang/Object; @ 47
Event: 18.528 Thread 0x000000001b232000 Uncommon trap: reason=class_check action=maybe_recompile pc=0x0000000003e327ec method=java.lang.reflect.Method.equals(Ljava/lang/Object;)Z @ 5
Event: 18.529 Thread 0x000000001b232000 Uncommon trap: reason=class_check action=maybe_recompile pc=0x0000000003e327ec method=java.lang.reflect.Method.equals(Ljava/lang/Object;)Z @ 5
Event: 18.559 Thread 0x000000001b232000 Uncommon trap: reason=null_check action=make_not_entrant pc=0x00000000044168c4 method=org.springframework.util.ClassUtils.isAssignable(Ljava/lang/Class;Ljava/lang/Class;)Z @ 14
Event: 18.637 Thread 0x000000001b232000 Uncommon trap: reason=unstable_if action=reinterpret pc=0x0000000003e32800 method=java.lang.reflect.Method.equals(Ljava/lang/Object;)Z @ 1
Event: 18.754 Thread 0x000000001b232000 Uncommon trap: reason=unstable_if action=reinterpret pc=0x00000000039f360c method=java.util.HashMap.putMapEntries(Ljava/util/Map;Z)V @ 53
Event: 19.001 Thread 0x000000001b232000 Uncommon trap: reason=unstable_if action=reinterpret pc=0x00000000044fa840 method=org.springframework.beans.factory.support.AbstractBeanFactory.isTypeMatch(Ljava/lang/String;Lorg/springframework/core/ResolvableType;)Z @ 26
Event: 19.106 Thread 0x000000001b232000 Uncommon trap: reason=unstable_if action=reinterpret pc=0x000000000459cf5c method=org.springframework.beans.factory.support.DefaultSingletonBeanRegistry.getSingleton(Ljava/lang/String;Z)Ljava/lang/Object; @ 43
Event: 19.122 Thread 0x000000001b232000 Uncommon trap: reason=unstable_if action=reinterpret pc=0x0000000003f30ef4 method=java.io.WinNTFileSystem.isLetter(C)Z @ 3

Classes redefined (0 events):
No events

Internal exceptions (10 events):
Event: 18.626 Thread 0x000000001b232000 Exception <a 'java/lang/ClassNotFoundException': org/springframework/web/servlet/config/annotation/WebMvcConfigurationSupportCustomizer> (0x00000000dc2a2bc8) thrown at [C:\re\workspace\8-2-build-windows-amd64-cygwin\jdk8u161\10277\hotspot\src\share\vm\cla
Event: 18.629 Thread 0x000000001b232000 Exception <a 'java/lang/ClassNotFoundException': org/springframework/web/servlet/config/annotation/DelegatingWebMvcConfigurationCustomizer> (0x00000000dc2eaa00) thrown at [C:\re\workspace\8-2-build-windows-amd64-cygwin\jdk8u161\10277\hotspot\src\share\vm\
Event: 18.630 Thread 0x000000001b232000 Exception <a 'java/lang/ClassNotFoundException': org/springframework/boot/autoconfigure/web/servlet/WebMvcAutoConfiguration$EnableWebMvcConfigurationCustomizer> (0x00000000dc32c3c8) thrown at [C:\re\workspace\8-2-build-windows-amd64-cygwin\jdk8u161\10277\
Event: 18.632 Thread 0x000000001b232000 Exception <a 'java/lang/ClassNotFoundException': org/springframework/context/ApplicationContextAwareCustomizer> (0x00000000dc360d70) thrown at [C:\re\workspace\8-2-build-windows-amd64-cygwin\jdk8u161\10277\hotspot\src\share\vm\classfile\systemDictionary.c
Event: 18.634 Thread 0x000000001b232000 Exception <a 'java/lang/ClassNotFoundException': org/springframework/beans/factory/AwareCustomizer> (0x00000000dc382f58) thrown at [C:\re\workspace\8-2-build-windows-amd64-cygwin\jdk8u161\10277\hotspot\src\share\vm\classfile\systemDictionary.cpp, line 210
Event: 18.635 Thread 0x000000001b232000 Exception <a 'java/lang/ClassNotFoundException': org/springframework/web/context/ServletContextAwareCustomizer> (0x00000000dc3a9828) thrown at [C:\re\workspace\8-2-build-windows-amd64-cygwin\jdk8u161\10277\hotspot\src\share\vm\classfile\systemDictionary.c
Event: 18.636 Thread 0x000000001b232000 Exception <a 'java/lang/ClassNotFoundException': org/springframework/beans/factory/AwareCustomizer> (0x00000000dc3cb480) thrown at [C:\re\workspace\8-2-build-windows-amd64-cygwin\jdk8u161\10277\hotspot\src\share\vm\classfile\systemDictionary.cpp, line 210
Event: 18.637 Thread 0x000000001b232000 Implicit null exception at 0x0000000003e3258c to 0x0000000003e327ed
Event: 19.016 Thread 0x000000001b232000 Exception <a 'java/lang/IncompatibleClassChangeError': Found class java.lang.Object, but interface was expected> (0x00000000dd653218) thrown at [C:\re\workspace\8-2-build-windows-amd64-cygwin\jdk8u161\10277\hotspot\src\share\vm\interpreter\linkResolver.cp
Event: 19.252 Thread 0x000000001b232000 Exception <a 'java/lang/NoSuchMethodError': java.lang.Object.lambda$andThen$1(Ljava/util/function/Function;Ljava/lang/Object;)Ljava/lang/Object;> (0x00000000ddd11318) thrown at [C:\re\workspace\8-2-build-windows-amd64-cygwin\jdk8u161\10277\hotspot\src\sha

Events (10 events):
Event: 19.538 loading class freemarker/ext/beans/InvalidPropertyException done
Event: 19.539 loading class freemarker/template/SimpleScalar
Event: 19.539 loading class freemarker/template/SimpleScalar done
Event: 19.539 loading class freemarker/template/TemplateScalarModel
Event: 19.539 loading class freemarker/template/TemplateScalarModel done
Event: 19.540 loading class freemarker/ext/beans/BeanModel$1
Event: 19.540 loading class freemarker/ext/beans/BeanModel$1 done
Event: 19.544 loading class freemarker/template/SimpleSequence
Event: 19.544 loading class freemarker/template/SimpleSequence done
Event: 19.545 Executing VM operation: CollectForMetadataAllocation


Dynamic libraries:
0x00007ff634b40000 - 0x00007ff634b77000 	C:\Program Files\Java\jdk1.8.0_161\bin\java.exe
0x00007ff86ca60000 - 0x00007ff86cc30000 	C:\WINDOWS\SYSTEM32\ntdll.dll
0x00007ff86a0a0000 - 0x00007ff86a14c000 	C:\WINDOWS\System32\KERNEL32.DLL
0x00007ff869740000 - 0x00007ff86995d000 	C:\WINDOWS\System32\KERNELBASE.dll
0x00007ff869ff0000 - 0x00007ff86a092000 	C:\WINDOWS\System32\ADVAPI32.dll
0x00007ff86c790000 - 0x00007ff86c82e000 	C:\WINDOWS\System32\msvcrt.dll
0x00007ff86c400000 - 0x00007ff86c459000 	C:\WINDOWS\System32\sechost.dll
0x00007ff86bfd0000 - 0x00007ff86c0f1000 	C:\WINDOWS\System32\RPCRT4.dll
0x00007ff86c830000 - 0x00007ff86c995000 	C:\WINDOWS\System32\USER32.dll
0x00007ff869960000 - 0x00007ff86997e000 	C:\WINDOWS\System32\win32u.dll
0x00007ff86a290000 - 0x00007ff86a2c4000 	C:\WINDOWS\System32\GDI32.dll
0x00007ff869e60000 - 0x00007ff869fe1000 	C:\WINDOWS\System32\gdi32full.dll
0x00007ff855300000 - 0x00007ff85557a000 	C:\WINDOWS\WinSxS\amd64_microsoft.windows.common-controls_6595b64144ccf1df_6.0.14393.2608_none_7ddacc7e8347078e\COMCTL32.dll
0x00007ff86a720000 - 0x00007ff86a9e5000 	C:\WINDOWS\System32\combase.dll
0x00007ff869a30000 - 0x00007ff869b24000 	C:\WINDOWS\System32\ucrtbase.dll
0x00007ff868f50000 - 0x00007ff868fba000 	C:\WINDOWS\System32\bcryptPrimitives.dll
0x00007ff86a160000 - 0x00007ff86a18e000 	C:\WINDOWS\System32\IMM32.DLL
0x0000000068000000 - 0x0000000068066000 	C:\WINDOWS\System32\QIPCAP64.dll
0x00007ff86aac0000 - 0x00007ff86bfc5000 	C:\WINDOWS\System32\SHELL32.dll
0x00007ff8699e0000 - 0x00007ff869a22000 	C:\WINDOWS\System32\cfgmgr32.dll
0x00007ff869060000 - 0x00007ff869739000 	C:\WINDOWS\System32\windows.storage.dll
0x00007ff868ef0000 - 0x00007ff868f3c000 	C:\WINDOWS\System32\powrprof.dll
0x00007ff86c5a0000 - 0x00007ff86c5f2000 	C:\WINDOWS\System32\shlwapi.dll
0x00007ff868ee0000 - 0x00007ff868eef000 	C:\WINDOWS\System32\kernel.appcore.dll
0x00007ff869d00000 - 0x00007ff869da9000 	C:\WINDOWS\System32\shcore.dll
0x00007ff868ec0000 - 0x00007ff868ed4000 	C:\WINDOWS\System32\profapi.dll
0x00007ff868510000 - 0x00007ff8685b1000 	C:\WINDOWS\SYSTEM32\DNSAPI.dll
0x00007ff86c670000 - 0x00007ff86c6da000 	C:\WINDOWS\System32\WS2_32.dll
0x00007ff86c660000 - 0x00007ff86c668000 	C:\WINDOWS\System32\NSI.dll
0x00007ff8684d0000 - 0x00007ff868508000 	C:\WINDOWS\SYSTEM32\IPHLPAPI.DLL
0x0000000056eb0000 - 0x0000000056f82000 	C:\Program Files\Java\jdk1.8.0_161\jre\bin\msvcr100.dll
0x0000000054c60000 - 0x00000000554ff000 	C:\Program Files\Java\jdk1.8.0_161\jre\bin\server\jvm.dll
0x00007ff86a150000 - 0x00007ff86a158000 	C:\WINDOWS\System32\PSAPI.DLL
0x00007ff867300000 - 0x00007ff867323000 	C:\WINDOWS\SYSTEM32\WINMM.dll
0x00007ff85c870000 - 0x00007ff85c87a000 	C:\WINDOWS\SYSTEM32\VERSION.dll
0x00007ff84d380000 - 0x00007ff84d389000 	C:\WINDOWS\SYSTEM32\WSOCK32.dll
0x0000000003030000 - 0x000000000305b000 	C:\WINDOWS\SYSTEM32\WINMMBASE.dll
0x0000000056ea0000 - 0x0000000056eaf000 	C:\Program Files\Java\jdk1.8.0_161\jre\bin\verify.dll
0x0000000056e70000 - 0x0000000056e99000 	C:\Program Files\Java\jdk1.8.0_161\jre\bin\java.dll
0x0000000056dd0000 - 0x0000000056e05000 	C:\Program Files\Java\jdk1.8.0_161\jre\bin\jdwp.dll
0x0000000056dc0000 - 0x0000000056dc8000 	C:\Program Files\Java\jdk1.8.0_161\jre\bin\npt.dll
0x0000000056d90000 - 0x0000000056db3000 	C:\Program Files\Java\jdk1.8.0_161\jre\bin\instrument.dll
0x0000000056e50000 - 0x0000000056e66000 	C:\Program Files\Java\jdk1.8.0_161\jre\bin\zip.dll
0x0000000056d80000 - 0x0000000056d89000 	C:\Program Files\Java\jdk1.8.0_161\jre\bin\dt_socket.dll
0x00007ff868740000 - 0x00007ff86879c000 	C:\WINDOWS\system32\mswsock.dll
0x0000000056e30000 - 0x0000000056e4a000 	C:\Program Files\Java\jdk1.8.0_161\jre\bin\net.dll
0x00007ff865d20000 - 0x00007ff865d36000 	C:\WINDOWS\SYSTEM32\dhcpcsvc6.DLL
0x00007ff865c30000 - 0x00007ff865c4a000 	C:\WINDOWS\SYSTEM32\dhcpcsvc.DLL
0x0000000056d70000 - 0x0000000056d7d000 	C:\Program Files\Java\jdk1.8.0_161\jre\bin\management.dll
0x0000000056e10000 - 0x0000000056e21000 	C:\Program Files\Java\jdk1.8.0_161\jre\bin\nio.dll
0x00007ff8573b0000 - 0x00007ff8573c6000 	C:\WINDOWS\system32\napinsp.dll
0x00007ff856610000 - 0x00007ff85662a000 	C:\WINDOWS\system32\pnrpnsp.dll
0x00007ff8665d0000 - 0x00007ff8665e8000 	C:\WINDOWS\system32\NLAapi.dll
0x00007ff856600000 - 0x00007ff85660e000 	C:\WINDOWS\System32\winrnr.dll
0x00007ff8565e0000 - 0x00007ff8565f5000 	C:\WINDOWS\System32\wshbth.dll
0x00007ff85eb10000 - 0x00007ff85eb1a000 	C:\Windows\System32\rasadhlp.dll
0x00007ff866330000 - 0x00007ff86639a000 	C:\WINDOWS\System32\fwpuclnt.dll
0x00007ff868e00000 - 0x00007ff868e2b000 	C:\WINDOWS\SYSTEM32\bcrypt.dll
0x00007ff868920000 - 0x00007ff868937000 	C:\WINDOWS\SYSTEM32\CRYPTSP.dll
0x00007ff868360000 - 0x00007ff868393000 	C:\WINDOWS\system32\rsaenh.dll
0x00007ff8685d0000 - 0x00007ff8685ef000 	C:\WINDOWS\SYSTEM32\USERENV.dll
0x00007ff868900000 - 0x00007ff86890b000 	C:\WINDOWS\SYSTEM32\CRYPTBASE.dll

VM Arguments:
jvm_args: -agentlib:jdwp=transport=dt_socket,address=127.0.0.1:57974,suspend=y,server=n -javaagent:C:\Users\rb25788\.IdeaIC2019.1\system\captureAgent\debugger-agent.jar -Dfile.encoding=UTF-8 
java_command: sebaszczen.netflixeurekanamingserver.NetflixEurekaNamingServerApplication
java_class_path (initial): C:\Program Files\Java\jdk1.8.0_161\jre\lib\charsets.jar;C:\Program Files\Java\jdk1.8.0_161\jre\lib\deploy.jar;C:\Program Files\Java\jdk1.8.0_161\jre\lib\ext\access-bridge-64.jar;C:\Program Files\Java\jdk1.8.0_161\jre\lib\ext\cldrdata.jar;C:\Program Files\Java\jdk1.8.0_161\jre\lib\ext\dnsns.jar;C:\Program Files\Java\jdk1.8.0_161\jre\lib\ext\jaccess.jar;C:\Program Files\Java\jdk1.8.0_161\jre\lib\ext\jfxrt.jar;C:\Program Files\Java\jdk1.8.0_161\jre\lib\ext\localedata.jar;C:\Program Files\Java\jdk1.8.0_161\jre\lib\ext\nashorn.jar;C:\Program Files\Java\jdk1.8.0_161\jre\lib\ext\sunec.jar;C:\Program Files\Java\jdk1.8.0_161\jre\lib\ext\sunjce_provider.jar;C:\Program Files\Java\jdk1.8.0_161\jre\lib\ext\sunmscapi.jar;C:\Program Files\Java\jdk1.8.0_161\jre\lib\ext\sunpkcs11.jar;C:\Program Files\Java\jdk1.8.0_161\jre\lib\ext\zipfs.jar;C:\Program Files\Java\jdk1.8.0_161\jre\lib\javaws.jar;C:\Program Files\Java\jdk1.8.0_161\jre\lib\jce.jar;C:\Program Files\Java\jdk1.8.0_161\jre\lib\jfr.jar;C:\Program Files\Java\jdk1.8.0_161\jre\lib\jfxswt.jar;C:\Program Files\Java\jdk1.8.0_161\jre\lib\jsse.jar;C:\Program Files\Java\jdk1.8.0_161\jre\lib\management-agent.jar;C:\Program Files\Java\jdk1.8.0_161\jre\lib\plugin.jar;C:\Program Files\Java\jdk1.8.0_161\jre\lib\resources.jar;C:\Program Files\Java\jdk1.8.0_161\jre\lib\rt.jar;C:\Users\rb25788\Downloads\netflix-eureka--naming-server\netflix-eureka--naming-server\target\classes;C:\Users\rb25788\.m2\repository\org\springframework\boot\spring-boot-starter-actuator\2.2.0.M3\spring-boot-starter-actuator-2.2.0.M3.jar;C:\Users\rb25788\.m2\repository\org\springframework\boot\spring-boot-starter\2.2.0.M3\spring-boot-starter-2.2.0.M3.jar;C:\Users\rb25788\.m2\repository\org\springframework\boot\spring-boot-starter-logging\2.2.0.M3\spring-boot-starter-logging-2.2.0.M3.jar;C:\Users\rb25788\.m2\repository\ch\qos\logback\logback-classic\1.2.3\logback-classic-1.2.3.jar;C:\Users\rb25788\.m2\repository\ch\qos\logback\logback-core\1
Launcher Type: SUN_STANDARD

Environment Variables:
JAVA_HOME=C:\Program Files\Java\jdk1.8.0_161
PATH=C:\Program Files (x86)\Common Files\Oracle\Java\javapath;C:\ProgramData\Oracle\Java\javapath;C:\Oracle\product\12.1.0\client_1\bin;C:\WINDOWS\system32;C:\WINDOWS;C:\WINDOWS\System32\Wbem;C:\WINDOWS\System32\WindowsPowerShell\v1.0\;c:\MAVEN;C:\maven\apache-maven-3.5.2\;C:\maven\apache-maven-3.5.2\bin\;C:\Program Files\MySQL\MySQL Utilities 1.6\;C:\Program Files\nodejs\;C:\Users\rb25788\AppData\Local\Microsoft\WindowsApps;C:\Users\rb25788\AppData\Local\Programs\Git\cmd;C:\Users\rb25788\AppData\Local\Programs\Microsoft VS Code\bin;C:\Users\rb25788\AppData\Roaming\npm
USERNAME=rb25788
OS=Windows_NT
PROCESSOR_IDENTIFIER=Intel64 Family 6 Model 78 Stepping 3, GenuineIntel



---------------  S Y S T E M  ---------------

OS: Windows 10.0 , 64 bit Build 14393 (10.0.14393.2608)

CPU:total 4 (initial active 4) (2 cores per cpu, 2 threads per core) family 6 model 78 stepping 3, cmov, cx8, fxsr, mmx, sse, sse2, sse3, ssse3, sse4.1, sse4.2, popcnt, avx, avx2, aes, clmul, erms, 3dnowpref, lzcnt, ht, tsc, tscinvbit, bmi1, bmi2, adx

Memory: 4k page, physical 8266320k(1618636k free), swap 14248412k(3072k free)

vm_info: Java HotSpot(TM) 64-Bit Server VM (25.161-b12) for windows-amd64 JRE (1.8.0_161-b12), built on Dec 19 2017 17:52:25 by "java_re" with MS VC++ 10.0 (VS2010)

time: Sun Jun 23 11:44:34 2019
elapsed time: 19 seconds (0d 0h 0m 19s)

